<?xml version="1.0" encoding="UTF-8"?>
<!-- Generated by org.testng.reporters.JUnitReportReporter -->
<testsuite hostname="LAPTOP-2KF1A8HA" failures="0" tests="2" name="datadriven.Datadriven001pro" time="21.684" errors="0" timestamp="2024-05-21T22:08:36 IST" skipped="0">
  <testcase classname="datadriven.Datadriven001pro" name="DemoProject" time="8.905"/>
  <system-out/>
  <testcase classname="datadriven.Datadriven001pro" name="DemoProject" time="12.779"/>
  <system-out/>
</testsuite> <!-- datadriven.Datadriven001pro -->
